19:57:23 [INFO] Program started
19:57:23 [INFO] Command-line arguments: Args { address: Some("1E7LSo4WS8sY75tdZLvohZJTqm3oYGWXvC"), address_file: None, address_db_file: None, total_words: 12, fixed_words: 0, known_words: [], seed_words_file: Some("words"), path: "m/44'/0'/0'/0/0", batch_size: 10000, gpu: false, network: "mainnet", address_type: "p2pkh", debug: false, log_file: "recovery.log", progress_file: "progress.txt" }
19:57:23 [INFO] Requested 12 threads for 479001600 permutations
19:57:23 [INFO] Thread pool initialized with 12 threads
19:57:23 [INFO] Loaded progress: 9212734 permutations processed
19:57:27 [INFO] Saved progress: 9220000 permutations processed
19:57:27 [INFO] Saved progress: 9230000 permutations processed
19:57:27 [INFO] Saved progress: 9240000 permutations processed
19:57:27 [INFO] Saved progress: 9250000 permutations processed
19:57:28 [INFO] Saved progress: 9260000 permutations processed
19:57:28 [INFO] Saved progress: 9270000 permutations processed
19:57:28 [INFO] Saved progress: 9280000 permutations processed
19:57:28 [INFO] Saved progress: 9290000 permutations processed
19:57:28 [INFO] Saved progress: 9300000 permutations processed
19:57:29 [INFO] Saved progress: 9310000 permutations processed
19:57:29 [INFO] Saved progress: 9320000 permutations processed
19:57:29 [INFO] Saved progress: 9330000 permutations processed
19:57:29 [INFO] Saved progress: 9340000 permutations processed
19:57:30 [INFO] Saved progress: 9350000 permutations processed
19:57:30 [INFO] Saved progress: 9360000 permutations processed
19:57:30 [INFO] Saved progress: 9370000 permutations processed
19:57:31 [INFO] Saved progress: 9380000 permutations processed
19:57:31 [INFO] Saved progress: 9390000 permutations processed
19:57:31 [INFO] Saved progress: 9400000 permutations processed
19:57:31 [INFO] Saved progress: 9410000 permutations processed
19:57:31 [INFO] Saved progress: 9420000 permutations processed
19:57:32 [INFO] Saved progress: 9430000 permutations processed
19:57:32 [INFO] Saved progress: 9440000 permutations processed
19:57:32 [INFO] Saved progress: 9450000 permutations processed
19:57:32 [INFO] Saved progress: 9460000 permutations processed
19:57:33 [INFO] Saved progress: 9470000 permutations processed
19:57:33 [INFO] Saved progress: 9480000 permutations processed
19:57:33 [INFO] Saved progress: 9490000 permutations processed
19:57:33 [INFO] Saved progress: 9500000 permutations processed
19:57:34 [INFO] Saved progress: 9510000 permutations processed
19:57:34 [INFO] Saved progress: 9520000 permutations processed
19:57:34 [INFO] Saved progress: 9530000 permutations processed
19:57:34 [INFO] Saved progress: 9540000 permutations processed
19:57:35 [INFO] Saved progress: 9550000 permutations processed
19:57:35 [INFO] Saved progress: 9560000 permutations processed
19:57:35 [INFO] Saved progress: 9570000 permutations processed
19:57:35 [INFO] Saved progress: 9580000 permutations processed
19:57:36 [INFO] Saved progress: 9590000 permutations processed
19:57:36 [INFO] Saved progress: 9600000 permutations processed
19:57:36 [INFO] Saved progress: 9610000 permutations processed
19:57:36 [INFO] Saved progress: 9620000 permutations processed
19:57:37 [INFO] Saved progress: 9630000 permutations processed
19:57:37 [INFO] Saved progress: 9640000 permutations processed
19:57:37 [INFO] Saved progress: 9650000 permutations processed
19:57:37 [INFO] Saved progress: 9660000 permutations processed
19:57:38 [INFO] Saved progress: 9670000 permutations processed
19:57:38 [INFO] Saved progress: 9680000 permutations processed
19:57:38 [INFO] Saved progress: 9690000 permutations processed
19:57:38 [INFO] Saved progress: 9700000 permutations processed
19:57:39 [INFO] Saved progress: 9710000 permutations processed
19:57:39 [INFO] Saved progress: 9720000 permutations processed
19:57:39 [INFO] Saved progress: 9730000 permutations processed
19:57:39 [INFO] Saved progress: 9740000 permutations processed
19:57:40 [INFO] Saved progress: 9750000 permutations processed
19:57:40 [INFO] Saved progress: 9760000 permutations processed
19:57:40 [INFO] Saved progress: 9770000 permutations processed
19:57:40 [INFO] Saved progress: 9780000 permutations processed
19:57:41 [INFO] Saved progress: 9790000 permutations processed
19:57:41 [INFO] Saved progress: 9800000 permutations processed
19:57:41 [INFO] Saved progress: 9810000 permutations processed
19:57:41 [INFO] Saved progress: 9820000 permutations processed
19:57:42 [INFO] Saved progress: 9830000 permutations processed
19:57:42 [INFO] Saved progress: 9840000 permutations processed
19:57:42 [INFO] Saved progress: 9850000 permutations processed
19:57:42 [INFO] Saved progress: 9860000 permutations processed
19:57:42 [INFO] Saved progress: 9870000 permutations processed
19:57:43 [INFO] Saved progress: 9880000 permutations processed
19:57:43 [INFO] Saved progress: 9890000 permutations processed
19:57:43 [INFO] Saved progress: 9900000 permutations processed
19:57:44 [INFO] Saved progress: 9910000 permutations processed
19:57:44 [INFO] Saved progress: 9920000 permutations processed
19:57:44 [INFO] Saved progress: 9930000 permutations processed
19:57:44 [INFO] Saved progress: 9940000 permutations processed
19:57:44 [INFO] Saved progress: 9950000 permutations processed
19:57:45 [INFO] Saved progress: 9960000 permutations processed
19:57:45 [INFO] Saved progress: 9970000 permutations processed
19:57:45 [INFO] Saved progress: 9980000 permutations processed
19:57:45 [INFO] Saved progress: 9990000 permutations processed
19:57:46 [INFO] Saved progress: 10000000 permutations processed
19:57:46 [INFO] Saved progress: 10010000 permutations processed
19:57:46 [INFO] Saved progress: 10020000 permutations processed
19:57:46 [INFO] Saved progress: 10030000 permutations processed
19:57:47 [INFO] Saved progress: 10040000 permutations processed
19:57:47 [INFO] Saved progress: 10050000 permutations processed
19:57:47 [INFO] Saved progress: 10060000 permutations processed
19:57:47 [INFO] Saved progress: 10070000 permutations processed
19:57:48 [INFO] Saved progress: 10080000 permutations processed
19:57:48 [INFO] Saved progress: 10090000 permutations processed
19:57:48 [INFO] Saved progress: 10100000 permutations processed
19:57:48 [INFO] Saved progress: 10110000 permutations processed
19:57:49 [INFO] Saved progress: 10120000 permutations processed
19:57:49 [INFO] Saved progress: 10130000 permutations processed
19:57:49 [INFO] Saved progress: 10140000 permutations processed
19:57:49 [INFO] Saved progress: 10150000 permutations processed
19:57:50 [INFO] Saved progress: 10160000 permutations processed
19:57:50 [INFO] Saved progress: 10170000 permutations processed
19:57:50 [INFO] Saved progress: 10180000 permutations processed
19:57:50 [INFO] Saved progress: 10190000 permutations processed
19:57:51 [INFO] Saved progress: 10200000 permutations processed
19:57:51 [INFO] Saved progress: 10210000 permutations processed
19:57:51 [INFO] Saved progress: 10220000 permutations processed
19:57:52 [INFO] Saved progress: 10230000 permutations processed
19:57:52 [INFO] Saved progress: 10240000 permutations processed
19:57:52 [INFO] Saved progress: 10250000 permutations processed
19:57:52 [INFO] Saved progress: 10260000 permutations processed
19:57:53 [INFO] Saved progress: 10270000 permutations processed
19:57:53 [INFO] Saved progress: 10280000 permutations processed
19:57:53 [INFO] Saved progress: 10290000 permutations processed
19:57:53 [INFO] Saved progress: 10300000 permutations processed
19:57:53 [INFO] Saved progress: 10310000 permutations processed
19:57:54 [INFO] Saved progress: 10320000 permutations processed
19:57:54 [INFO] Saved progress: 10330000 permutations processed
19:57:54 [INFO] Saved progress: 10340000 permutations processed
19:57:54 [INFO] Saved progress: 10350000 permutations processed
19:57:55 [INFO] Saved progress: 10360000 permutations processed
19:57:55 [INFO] Saved progress: 10370000 permutations processed
19:57:55 [INFO] Saved progress: 10380000 permutations processed
19:57:55 [INFO] Saved progress: 10390000 permutations processed
19:57:56 [INFO] Saved progress: 10400000 permutations processed
19:57:56 [INFO] Saved progress: 10410000 permutations processed
19:57:56 [INFO] Saved progress: 10420000 permutations processed
19:57:56 [INFO] Saved progress: 10430000 permutations processed
19:57:57 [INFO] Saved progress: 10440000 permutations processed
19:57:57 [INFO] Saved progress: 10450000 permutations processed
19:57:57 [INFO] Saved progress: 10460000 permutations processed
19:57:57 [INFO] Saved progress: 10470000 permutations processed
19:57:58 [INFO] Saved progress: 10480000 permutations processed
19:57:58 [INFO] Saved progress: 10490000 permutations processed
19:57:58 [INFO] Saved progress: 10500000 permutations processed
19:57:58 [INFO] Saved progress: 10510000 permutations processed
19:57:59 [INFO] Saved progress: 10520000 permutations processed
19:57:59 [INFO] Saved progress: 10530000 permutations processed
19:57:59 [INFO] Saved progress: 10540000 permutations processed
19:57:59 [INFO] Saved progress: 10550000 permutations processed
19:58:00 [INFO] Saved progress: 10560000 permutations processed
19:58:00 [INFO] Saved progress: 10570000 permutations processed
19:58:00 [INFO] Saved progress: 10580000 permutations processed
19:58:00 [INFO] Saved progress: 10590000 permutations processed
19:58:01 [INFO] Saved progress: 10600000 permutations processed
19:58:01 [INFO] Saved progress: 10610000 permutations processed
19:58:01 [INFO] Saved progress: 10620000 permutations processed
19:58:01 [INFO] Saved progress: 10630000 permutations processed
19:58:02 [INFO] Saved progress: 10640000 permutations processed
19:58:02 [INFO] Saved progress: 10650000 permutations processed
19:58:02 [INFO] Saved progress: 10660000 permutations processed
19:58:02 [INFO] Saved progress: 10670000 permutations processed
19:58:03 [INFO] Saved progress: 10680000 permutations processed
19:58:03 [INFO] Saved progress: 10690000 permutations processed
19:58:03 [INFO] Saved progress: 10700000 permutations processed
19:58:03 [INFO] Saved progress: 10710000 permutations processed
19:58:04 [INFO] Saved progress: 10720000 permutations processed
19:58:04 [INFO] Saved progress: 10730000 permutations processed
19:58:04 [INFO] Saved progress: 10740000 permutations processed
19:58:04 [INFO] Saved progress: 10750000 permutations processed
19:58:05 [INFO] Saved progress: 10760000 permutations processed
19:58:05 [INFO] Saved progress: 10770000 permutations processed
19:58:05 [INFO] Saved progress: 10780000 permutations processed
19:58:05 [INFO] Saved progress: 10790001 permutations processed
19:58:05 [INFO] Saved progress: 10800000 permutations processed
19:58:06 [INFO] Saved progress: 10810000 permutations processed
19:58:06 [INFO] Saved progress: 10820000 permutations processed
19:58:06 [INFO] Saved progress: 10830000 permutations processed
19:58:06 [INFO] Saved progress: 10840000 permutations processed
19:58:07 [INFO] Saved progress: 10850000 permutations processed
19:58:07 [INFO] Saved progress: 10860000 permutations processed
19:58:07 [INFO] Saved progress: 10870000 permutations processed
19:58:07 [INFO] Saved progress: 10880000 permutations processed
19:58:08 [INFO] Saved progress: 10890001 permutations processed
19:58:08 [INFO] Saved progress: 10900000 permutations processed
19:58:08 [INFO] Saved progress: 10910000 permutations processed
19:58:08 [INFO] Saved progress: 10920000 permutations processed
19:58:09 [INFO] Saved progress: 10930000 permutations processed
19:58:09 [INFO] Saved progress: 10940000 permutations processed
19:58:09 [INFO] Saved progress: 10950000 permutations processed
19:58:09 [INFO] Saved progress: 10960000 permutations processed
19:58:10 [INFO] Saved progress: 10970000 permutations processed
19:58:10 [INFO] Saved progress: 10980000 permutations processed
19:58:10 [INFO] Saved progress: 10990000 permutations processed
19:58:10 [INFO] Saved progress: 11000000 permutations processed
19:58:11 [INFO] Saved progress: 11010000 permutations processed
19:58:11 [INFO] Saved progress: 11020000 permutations processed
19:58:11 [INFO] Saved progress: 11030000 permutations processed
19:58:11 [INFO] Saved progress: 11040000 permutations processed
19:58:12 [INFO] Saved progress: 11050000 permutations processed
19:58:12 [INFO] Saved progress: 11060000 permutations processed
19:58:12 [INFO] Saved progress: 11070001 permutations processed
19:58:12 [INFO] Saved progress: 11080000 permutations processed
19:58:12 [INFO] Saved progress: 11090000 permutations processed
19:58:13 [INFO] Saved progress: 11100000 permutations processed
19:58:13 [INFO] Saved progress: 11110000 permutations processed
19:58:13 [INFO] Saved progress: 11120000 permutations processed
19:58:13 [INFO] Saved progress: 11130000 permutations processed
19:58:14 [INFO] Saved progress: 11140000 permutations processed
19:58:14 [INFO] Saved progress: 11150000 permutations processed
19:58:14 [INFO] Saved progress: 11160000 permutations processed
19:58:14 [INFO] Saved progress: 11170000 permutations processed
19:58:15 [INFO] Saved progress: 11180000 permutations processed
19:58:15 [INFO] Saved progress: 11190000 permutations processed
19:58:15 [INFO] Saved progress: 11200000 permutations processed
19:58:15 [INFO] Saved progress: 11210000 permutations processed
19:58:16 [INFO] Saved progress: 11220000 permutations processed
19:58:16 [INFO] Saved progress: 11230000 permutations processed
19:58:16 [INFO] Saved progress: 11240000 permutations processed
19:58:16 [INFO] Saved progress: 11250000 permutations processed
19:58:17 [INFO] Saved progress: 11260000 permutations processed
19:58:17 [INFO] Saved progress: 11270000 permutations processed
19:58:17 [INFO] Saved progress: 11280000 permutations processed
19:58:17 [INFO] Saved progress: 11290000 permutations processed
19:58:18 [INFO] Saved progress: 11300000 permutations processed
19:58:18 [INFO] Saved progress: 11310000 permutations processed
19:58:18 [INFO] Saved progress: 11320000 permutations processed
19:58:18 [INFO] Saved progress: 11330000 permutations processed
19:58:19 [INFO] Saved progress: 11340000 permutations processed
19:58:19 [INFO] Saved progress: 11350000 permutations processed
19:58:19 [INFO] Saved progress: 11360000 permutations processed
19:58:19 [INFO] Saved progress: 11370000 permutations processed
19:58:20 [INFO] Saved progress: 11380000 permutations processed
19:58:20 [INFO] Saved progress: 11390000 permutations processed
19:58:20 [INFO] Saved progress: 11400000 permutations processed
19:58:20 [INFO] Saved progress: 11410000 permutations processed
19:58:21 [INFO] Saved progress: 11420000 permutations processed
19:58:21 [INFO] Saved progress: 11430000 permutations processed
19:58:21 [INFO] Saved progress: 11440000 permutations processed
19:58:21 [INFO] Saved progress: 11450000 permutations processed
19:58:22 [INFO] Saved progress: 11460000 permutations processed
19:58:22 [INFO] Saved progress: 11470000 permutations processed
19:58:22 [INFO] Saved progress: 11480000 permutations processed
19:58:22 [INFO] Saved progress: 11490000 permutations processed
19:58:23 [INFO] Saved progress: 11500000 permutations processed
19:58:23 [INFO] Saved progress: 11510000 permutations processed
19:58:23 [INFO] Saved progress: 11520000 permutations processed
19:58:23 [INFO] Saved progress: 11530000 permutations processed
19:58:24 [INFO] Saved progress: 11540000 permutations processed
19:58:24 [INFO] Saved progress: 11550000 permutations processed
19:58:24 [INFO] Saved progress: 11560000 permutations processed
19:58:24 [INFO] Saved progress: 11570000 permutations processed
19:58:25 [INFO] Saved progress: 11580000 permutations processed
19:58:25 [INFO] Saved progress: 11590000 permutations processed
19:58:25 [INFO] Saved progress: 11600000 permutations processed
19:58:25 [INFO] Saved progress: 11610000 permutations processed
19:58:26 [INFO] Saved progress: 11620000 permutations processed
19:58:26 [INFO] Saved progress: 11630000 permutations processed
19:58:26 [INFO] Saved progress: 11640000 permutations processed
19:58:26 [INFO] Saved progress: 11650000 permutations processed
19:58:27 [INFO] Saved progress: 11660000 permutations processed
19:58:27 [INFO] Saved progress: 11670000 permutations processed
19:58:27 [INFO] Saved progress: 11680000 permutations processed
19:58:27 [INFO] Saved progress: 11690000 permutations processed
19:58:28 [INFO] Saved progress: 11700000 permutations processed
19:58:28 [INFO] Saved progress: 11710000 permutations processed
19:58:28 [INFO] Saved progress: 11720000 permutations processed
19:58:28 [INFO] Saved progress: 11730000 permutations processed
19:58:29 [INFO] Saved progress: 11740000 permutations processed
19:58:29 [INFO] Saved progress: 11750000 permutations processed
19:58:29 [INFO] Saved progress: 11760000 permutations processed
19:58:29 [INFO] Saved progress: 11770000 permutations processed
19:58:30 [INFO] Saved progress: 11780000 permutations processed
19:58:30 [INFO] Saved progress: 11790000 permutations processed
19:58:30 [INFO] Saved progress: 11800000 permutations processed
19:58:30 [INFO] Saved progress: 11810000 permutations processed
19:58:31 [INFO] Saved progress: 11820000 permutations processed
19:58:31 [INFO] Saved progress: 11830000 permutations processed
19:58:31 [INFO] Saved progress: 11840000 permutations processed
19:58:31 [INFO] Saved progress: 11850000 permutations processed
19:58:32 [INFO] Saved progress: 11860000 permutations processed
19:58:32 [INFO] Saved progress: 11870000 permutations processed
19:58:32 [INFO] Saved progress: 11880000 permutations processed
19:58:32 [INFO] Saved progress: 11890000 permutations processed
19:58:32 [INFO] Saved progress: 11900000 permutations processed
19:58:33 [INFO] Saved progress: 11910000 permutations processed
19:58:33 [INFO] Saved progress: 11920000 permutations processed
19:58:33 [INFO] Saved progress: 11930000 permutations processed
19:58:33 [INFO] Saved progress: 11940000 permutations processed
19:58:34 [INFO] Saved progress: 11950000 permutations processed
19:58:34 [INFO] Saved progress: 11960000 permutations processed
19:58:34 [INFO] Saved progress: 11970000 permutations processed
19:58:34 [INFO] Saved progress: 11980000 permutations processed
19:58:35 [INFO] Saved progress: 11990000 permutations processed
19:58:35 [INFO] Saved progress: 12000000 permutations processed
19:58:35 [INFO] Saved progress: 12010000 permutations processed
19:58:35 [INFO] Saved progress: 12020000 permutations processed
19:58:36 [INFO] Saved progress: 12030000 permutations processed
19:58:36 [INFO] Saved progress: 12040000 permutations processed
19:58:36 [INFO] Saved progress: 12050000 permutations processed
19:58:36 [INFO] Saved progress: 12060000 permutations processed
19:58:37 [INFO] Saved progress: 12070000 permutations processed
19:58:37 [INFO] Saved progress: 12080000 permutations processed
19:58:37 [INFO] Saved progress: 12090000 permutations processed
19:58:37 [INFO] Saved progress: 12100000 permutations processed
19:58:38 [INFO] Saved progress: 12110000 permutations processed
19:58:38 [INFO] Saved progress: 12120000 permutations processed
19:58:38 [INFO] Saved progress: 12130000 permutations processed
19:58:38 [INFO] Saved progress: 12140000 permutations processed
19:58:39 [INFO] Saved progress: 12150000 permutations processed
19:58:39 [INFO] Saved progress: 12160000 permutations processed
19:58:39 [INFO] Saved progress: 12170000 permutations processed
19:58:39 [INFO] Saved progress: 12180000 permutations processed
19:58:40 [INFO] Saved progress: 12190000 permutations processed
19:58:40 [INFO] Saved progress: 12200000 permutations processed
19:58:40 [INFO] Saved progress: 12210000 permutations processed
19:58:40 [INFO] Saved progress: 12220000 permutations processed
19:58:41 [INFO] Saved progress: 12230000 permutations processed
19:58:41 [INFO] Saved progress: 12240000 permutations processed
19:58:41 [INFO] Saved progress: 12250000 permutations processed
19:58:41 [INFO] Saved progress: 12260000 permutations processed
19:58:42 [INFO] Saved progress: 12270000 permutations processed
19:58:42 [INFO] Saved progress: 12280000 permutations processed
19:58:42 [INFO] Saved progress: 12290000 permutations processed
19:58:42 [INFO] Saved progress: 12300000 permutations processed
19:58:43 [INFO] Saved progress: 12310000 permutations processed
19:58:43 [INFO] Saved progress: 12320000 permutations processed
19:58:43 [INFO] Saved progress: 12330000 permutations processed
19:58:43 [INFO] Saved progress: 12340000 permutations processed
19:58:44 [INFO] Saved progress: 12350000 permutations processed
19:58:44 [INFO] Saved progress: 12360000 permutations processed
19:58:44 [INFO] Saved progress: 12370000 permutations processed
19:58:44 [INFO] Saved progress: 12380000 permutations processed
19:58:45 [INFO] Saved progress: 12390000 permutations processed
19:58:45 [INFO] Saved progress: 12400000 permutations processed
19:58:45 [INFO] Saved progress: 12410000 permutations processed
19:58:45 [INFO] Saved progress: 12420000 permutations processed
19:58:46 [INFO] Saved progress: 12430000 permutations processed
19:58:46 [INFO] Saved progress: 12440000 permutations processed
19:58:46 [INFO] Saved progress: 12450000 permutations processed
19:58:46 [INFO] Saved progress: 12460000 permutations processed
19:58:47 [INFO] Saved progress: 12470000 permutations processed
19:58:47 [INFO] Saved progress: 12480000 permutations processed
19:58:47 [INFO] Saved progress: 12490000 permutations processed
19:58:47 [INFO] Saved progress: 12500000 permutations processed
19:58:48 [INFO] Saved progress: 12510000 permutations processed
19:58:48 [INFO] Saved progress: 12520000 permutations processed
19:58:48 [INFO] Saved progress: 12530000 permutations processed
19:58:48 [INFO] Saved progress: 12540000 permutations processed
19:58:49 [INFO] Saved progress: 12550000 permutations processed
19:58:49 [INFO] Saved progress: 12560000 permutations processed
19:58:49 [INFO] Saved progress: 12570000 permutations processed
19:58:49 [INFO] Saved progress: 12580000 permutations processed
19:58:49 [INFO] Saved progress: 12585038 permutations processed
